<?xml version="1.0" encoding="UTF-8"?>
<testng-results ignored="0" total="1" passed="1" failed="0" skipped="0">
  <reporter-output>
  </reporter-output>
  <suite started-at="2022-12-24T16:43:12 IST" name="Failed suite [Suite]" finished-at="2022-12-24T16:43:27 IST" duration-ms="14669">
    <groups>
    </groups>
    <test started-at="2022-12-24T16:43:12 IST" name="Test(failed)" finished-at="2022-12-24T16:43:27 IST" duration-ms="14669">
      <class name="TestCases.VerifySignUpTestCase">
        <test-method is-config="true" signature="launchBrowser()[pri:0, instance:TestCases.VerifySignUpTestCase@14dd9eb7]" started-at="2022-12-24T16:43:12 IST" name="launchBrowser" finished-at="2022-12-24T16:43:18 IST" duration-ms="5116" status="PASS">
          <reporter-output>
          </reporter-output>
        </test-method> <!-- launchBrowser -->
        <test-method signature="SignUp()[pri:0, instance:TestCases.VerifySignUpTestCase@14dd9eb7]" started-at="2022-12-24T16:43:18 IST" name="SignUp" finished-at="2022-12-24T16:43:27 IST" duration-ms="8979" status="PASS">
          <reporter-output>
          </reporter-output>
        </test-method> <!-- SignUp -->
        <test-method is-config="true" signature="tearDown()[pri:0, instance:TestCases.VerifySignUpTestCase@14dd9eb7]" started-at="2022-12-24T16:43:27 IST" name="tearDown" finished-at="2022-12-24T16:43:27 IST" duration-ms="516" status="PASS">
          <reporter-output>
          </reporter-output>
        </test-method> <!-- tearDown -->
      </class> <!-- TestCases.VerifySignUpTestCase -->
    </test> <!-- Test(failed) -->
  </suite> <!-- Failed suite [Suite] -->
</testng-results>
